-------------------------------------------------------------------------------
Test set: com.dataframe.converter.DataFrameToSQLConverterTest
-------------------------------------------------------------------------------
Tests run: 8, Failures: 3, Errors: 0, Skipped: 0, Time elapsed: 0.039 s <<< FAILURE! - in com.dataframe.converter.DataFrameToSQLConverterTest
testJoinWithOrderBy  Time elapsed: 0.024 s  <<< FAILURE!
org.opentest4j.AssertionFailedError: expected: <SELECT orders.id, customers.name FROM `orders` INNER JOIN customers ON orders.customer_id = customers.id ORDER BY orders.id DESC> but was: <SELECT orders.id, customers.name FROM `orders` INNER JOIN `customers` ON orders.customer_id = customers.id ORDER BY orders.id DESC>
	at com.dataframe.converter.DataFrameToSQLConverterTest.testJoinWithOrderBy(DataFrameToSQLConverterTest.java:92)

testDistinct  Time elapsed: 0 s  <<< FAILURE!
org.opentest4j.AssertionFailedError: expected: <SELECT DISTINCT category FROM `products`> but was: <SELECT category FROM `products`>
	at com.dataframe.converter.DataFrameToSQLConverterTest.testDistinct(DataFrameToSQLConverterTest.java:122)

testMultipleJoins  Time elapsed: 0.001 s  <<< FAILURE!
org.opentest4j.AssertionFailedError: expected: <SELECT orders.id, customers.name, products.name FROM `orders` INNER JOIN customers ON orders.customer_id = customers.id INNER JOIN products ON orders.product_id = products.id> but was: <SELECT orders.id, customers.name, products.name FROM `orders` INNER JOIN `customers` ON orders.customer_id = customers.id INNER JOIN `products` ON orders.product_id = products.id>
	at com.dataframe.converter.DataFrameToSQLConverterTest.testMultipleJoins(DataFrameToSQLConverterTest.java:45)

