<?xml version="1.0" encoding="UTF-8"?>
<testsuite xmlns:xsi="http://www.w3.org/2001/XMLSchema-instance" xsi:noNamespaceSchemaLocation="https://maven.apache.org/surefire/maven-surefire-plugin/xsd/surefire-test-report.xsd" name="com.dataframe.converter.DataFrameToSQLConverterTest" time="0.039" tests="8" errors="0" skipped="0" failures="3">
  <properties>
[...]
</properties>
  <testcase name="testJoinWithOrderBy" classname="com.dataframe.converter.DataFrameToSQLConverterTest" time="0.024">
    <failure message="expected: &lt;SELECT orders.id, customers.name FROM `orders` INNER JOIN customers ON orders.customer_id = customers.id ORDER BY orders.id DESC&gt; but was: &lt;SELECT orders.id, customers.name FROM `orders` INNER JOIN `customers` ON orders.customer_id = customers.id ORDER BY orders.id DESC&gt;" type="org.opentest4j.AssertionFailedError"><![CDATA[org.opentest4j.AssertionFailedError: expected: <SELECT orders.id, customers.name FROM `orders` INNER JOIN customers ON orders.customer_id = customers.id ORDER BY orders.id DESC> but was: <SELECT orders.id, customers.name FROM `orders` INNER JOIN `customers` ON orders.customer_id = customers.id ORDER BY orders.id DESC>
	at com.dataframe.converter.DataFrameToSQLConverterTest.testJoinWithOrderBy(DataFrameToSQLConverterTest.java:92)
]]></failure>
  </testcase>
  <testcase name="testLimit" classname="com.dataframe.converter.DataFrameToSQLConverterTest" time="0"/>
  <testcase name="testValidation" classname="com.dataframe.converter.DataFrameToSQLConverterTest" time="0.001"/>
  <testcase name="testSelectWithWhere" classname="com.dataframe.converter.DataFrameToSQLConverterTest" time="0"/>
  <testcase name="testGroupByWithHaving" classname="com.dataframe.converter.DataFrameToSQLConverterTest" time="0.001"/>
  <testcase name="testWindowFunction" classname="com.dataframe.converter.DataFrameToSQLConverterTest" time="0"/>
  <testcase name="testDistinct" classname="com.dataframe.converter.DataFrameToSQLConverterTest" time="0">
    <failure message="expected: &lt;SELECT DISTINCT category FROM `products`&gt; but was: &lt;SELECT category FROM `products`&gt;" type="org.opentest4j.AssertionFailedError"><![CDATA[org.opentest4j.AssertionFailedError: expected: <SELECT DISTINCT category FROM `products`> but was: <SELECT category FROM `products`>
	at com.dataframe.converter.DataFrameToSQLConverterTest.testDistinct(DataFrameToSQLConverterTest.java:122)
]]></failure>
  </testcase>
  <testcase name="testMultipleJoins" classname="com.dataframe.converter.DataFrameToSQLConverterTest" time="0.001">
    <failure message="expected: &lt;SELECT orders.id, customers.name, products.name FROM `orders` INNER JOIN customers ON orders.customer_id = customers.id INNER JOIN products ON orders.product_id = products.id&gt; but was: &lt;SELECT orders.id, customers.name, products.name FROM `orders` INNER JOIN `customers` ON orders.customer_id = customers.id INNER JOIN `products` ON orders.product_id = products.id&gt;" type="org.opentest4j.AssertionFailedError"><![CDATA[org.opentest4j.AssertionFailedError: expected: <SELECT orders.id, customers.name, products.name FROM `orders` INNER JOIN customers ON orders.customer_id = customers.id INNER JOIN products ON orders.product_id = products.id> but was: <SELECT orders.id, customers.name, products.name FROM `orders` INNER JOIN `customers` ON orders.customer_id = customers.id INNER JOIN `products` ON orders.product_id = products.id>
	at com.dataframe.converter.DataFrameToSQLConverterTest.testMultipleJoins(DataFrameToSQLConverterTest.java:45)
]]></failure>
  </testcase>
</testsuite>